<?xml version="1.0" encoding="UTF-8"?>
<testsuite name="main.EmployeePaymentDistributorTest" tests="1" skipped="0" failures="0" errors="0" timestamp="2024-08-10T15:09:00" hostname="DESKTOP-2F9TN2V" time="0.786">
  <properties/>
  <testcase name="employeeHasBeenPaid_withPaidEmployee_checksThePayrollTrackersSetOfPaidEmployees()" classname="main.EmployeePaymentDistributorTest" time="0.786"/>
  <system-out><![CDATA[]]></system-out>
  <system-err><![CDATA[]]></system-err>
</testsuite>
